<?xml version="1.0" encoding="UTF-8"?>
<!-- Generated by org.testng.reporters.JUnitReportReporter -->
<testsuite skipped="0" hostname="ind495" name="MavenJava2.Indianic.DynamicdropdownAirIndia" tests="1" failures="0" timestamp="05 Mar 2018 09:35:23 GMT" time="6.347" errors="0">
  <testcase name="From" time="6.347" classname="MavenJava2.Indianic.DynamicdropdownAirIndia"/>
</testsuite> <!-- MavenJava2.Indianic.DynamicdropdownAirIndia -->
